  Stdafx.cpp
  AssemblyInfo.cpp
  CSAccount.cpp
CSAccount.cpp(61): warning C4947: “System::Data::Odbc::OdbcParameterCollection::Add”: 标记为已过时
  CSAccount.cpp(61): note: 消息: “Add(String parameterName, Object value) has been deprecated.  Use AddWithValue(String parameterName, Object value).  http://go.microsoft.com/fwlink/?linkid=14202”
CSAccount.cpp(76): warning C4947: “System::Data::Odbc::OdbcParameterCollection::Add”: 标记为已过时
  CSAccount.cpp(76): note: 消息: “Add(String parameterName, Object value) has been deprecated.  Use AddWithValue(String parameterName, Object value).  http://go.microsoft.com/fwlink/?linkid=14202”
CSAccount.cpp(77): warning C4947: “System::Data::Odbc::OdbcParameterCollection::Add”: 标记为已过时
  CSAccount.cpp(77): note: 消息: “Add(String parameterName, Object value) has been deprecated.  Use AddWithValue(String parameterName, Object value).  http://go.microsoft.com/fwlink/?linkid=14202”
CSAccount.cpp(78): warning C4947: “System::Data::Odbc::OdbcParameterCollection::Add”: 标记为已过时
  CSAccount.cpp(78): note: 消息: “Add(String parameterName, Object value) has been deprecated.  Use AddWithValue(String parameterName, Object value).  http://go.microsoft.com/fwlink/?linkid=14202”
CSAccount.cpp(79): warning C4947: “System::Data::Odbc::OdbcParameterCollection::Add”: 标记为已过时
  CSAccount.cpp(79): note: 消息: “Add(String parameterName, Object value) has been deprecated.  Use AddWithValue(String parameterName, Object value).  http://go.microsoft.com/fwlink/?linkid=14202”
CSAccount.cpp(80): warning C4947: “System::Data::Odbc::OdbcParameterCollection::Add”: 标记为已过时
  CSAccount.cpp(80): note: 消息: “Add(String parameterName, Object value) has been deprecated.  Use AddWithValue(String parameterName, Object value).  http://go.microsoft.com/fwlink/?linkid=14202”
CSAccount.cpp(81): warning C4947: “System::Data::Odbc::OdbcParameterCollection::Add”: 标记为已过时
  CSAccount.cpp(81): note: 消息: “Add(String parameterName, Object value) has been deprecated.  Use AddWithValue(String parameterName, Object value).  http://go.microsoft.com/fwlink/?linkid=14202”
  正在生成代码...
  .NETFramework,Version=v4.5.2.AssemblyAttributes.cpp
  AssemblyInfo.obj :托管的代码存在时 /DEBUG:FASTLINK 不受支持；正在重新启动与 /DEBUG:FULL 的链接
  CSAccount.vcxproj -> G:\_NET\CloudStorage\CSAccount\Debug\CSAccount.dll
  CSAccount.vcxproj -> G:\_NET\CloudStorage\CSAccount\Debug\CSAccount.pdb (Partial PDB)
