g:\_net\cloudstorage\csaccount\csaccount\debug\csaccount.pch
g:\_net\cloudstorage\csaccount\csaccount\debug\vc140.pdb
g:\_net\cloudstorage\csaccount\csaccount\debug\stdafx.obj
g:\_net\cloudstorage\csaccount\csaccount\debug\csaccount.obj
g:\_net\cloudstorage\csaccount\csaccount\debug\assemblyinfo.obj
g:\_net\cloudstorage\csaccount\csaccount\debug\.netframework,version=v4.5.2.assemblyattributes.obj
g:\_net\cloudstorage\csaccount\csaccount\debug\.netframework,version=v4.5.2.assemblyattributes.asm
g:\_net\cloudstorage\csaccount\debug\csaccount.dll
g:\_net\cloudstorage\csaccount\debug\csaccount.pdb
g:\_net\cloudstorage\csaccount\csaccount\debug\app.res
g:\_net\cloudstorage\csaccount\csaccount\debug\csaccount.tlog\cl.command.1.tlog
g:\_net\cloudstorage\csaccount\csaccount\debug\csaccount.tlog\cl.read.1.tlog
g:\_net\cloudstorage\csaccount\csaccount\debug\csaccount.tlog\cl.write.1.tlog
g:\_net\cloudstorage\csaccount\csaccount\debug\csaccount.tlog\link.command.1.tlog
g:\_net\cloudstorage\csaccount\csaccount\debug\csaccount.tlog\link.read.1.tlog
g:\_net\cloudstorage\csaccount\csaccount\debug\csaccount.tlog\link.write.1.tlog
g:\_net\cloudstorage\csaccount\csaccount\debug\csaccount.tlog\metagen.read.1.tlog
g:\_net\cloudstorage\csaccount\csaccount\debug\csaccount.tlog\metagen.write.1.tlog
g:\_net\cloudstorage\csaccount\csaccount\debug\csaccount.tlog\rc.command.1.tlog
g:\_net\cloudstorage\csaccount\csaccount\debug\csaccount.tlog\rc.read.1.tlog
g:\_net\cloudstorage\csaccount\csaccount\debug\csaccount.tlog\rc.write.1.tlog
g:\_net\cloudstorage\csaccount\csaccount\debug\csaccount.tlog\tzres.dll.bi
